<?xml version="1.0" encoding="UTF-8"?>
<!-- Generated by org.testng.reporters.JUnitReportReporter -->
<testsuite hostname="BGWIN10" failures="0" tests="3" name="TestNGRedmine.accountChange" time="46.423" errors="0" timestamp="2022-04-08T19:01:56 PDT" skipped="0">
  <testcase classname="TestNGRedmine.accountChange" name="acfir" time="24.587"/>
  <system-out/>
  <testcase classname="TestNGRedmine.accountChange" name="aclast" time="10.445"/>
  <system-out/>
  <testcase classname="TestNGRedmine.accountChange" name="acemil" time="11.391"/>
  <system-out/>
</testsuite> <!-- TestNGRedmine.accountChange -->
