<?xml version="1.0" encoding="UTF-8"?>
<!-- Generated by org.testng.reporters.JUnitReportReporter -->
<testsuite hostname="BGWIN10" failures="0" tests="1" name="TestNGRedmine.SigninPage" time="2.865" errors="0" timestamp="2022-04-15T12:07:21 PDT" skipped="0">
  <testcase classname="TestNGRedmine.SigninPage" name="wrongusername" time="2.865"/>
  <system-out/>
</testsuite> <!-- TestNGRedmine.SigninPage -->
