<?xml version="1.0" encoding="UTF-8"?>
<!-- Generated by org.testng.reporters.JUnitReportReporter -->
<testsuite hostname="BGWIN10" failures="0" tests="1" name="testNGProject.TestNGDemo" time="5.588" errors="0" timestamp="2022-04-07T12:15:27 PDT" skipped="0">
  <testcase classname="testNGProject.TestNGDemo" name="siteOpen" time="5.588"/>
  <system-out/>
</testsuite> <!-- testNGProject.TestNGDemo -->
